2024-06-10 13:16:23 [[32minfo[39m]: Request to GET /api/v1/review took 203ms
2024-06-10 13:16:23 [[32minfo[39m]: Request to GET /api/v1/patient/1b20d770-f325-4b00-86a5-8548185fa04d took 209ms
2024-06-10 13:16:23 [[32minfo[39m]: Request to GET /api/v1/doctor/1b20d770-f325-4b00-86a5-8548185fa04d took 222ms
2024-06-10 13:16:23 [[32minfo[39m]: Request to GET /api/v1/blogs/?limit=3 took 232ms
2024-06-10 13:16:23 [[32minfo[39m]: Request to GET /api/v1/doctor?limit=4 took 231ms
2024-06-10 13:16:23 [[32minfo[39m]: Request to GET /api/v1/doctor?limit=10 took 247ms
2024-06-10 13:20:19 [[32minfo[39m]: Request to GET /api/v1/doctor?limit=10 took 42ms
2024-06-10 13:20:19 [[32minfo[39m]: Request to GET /api/v1/patient/1b20d770-f325-4b00-86a5-8548185fa04d took 36ms
2024-06-10 13:20:19 [[32minfo[39m]: Request to GET /api/v1/review took 46ms
2024-06-10 13:20:19 [[32minfo[39m]: Request to GET /api/v1/doctor/1b20d770-f325-4b00-86a5-8548185fa04d took 43ms
2024-06-10 13:20:19 [[32minfo[39m]: Request to GET /api/v1/blogs/?limit=3 took 52ms
2024-06-10 13:20:19 [[32minfo[39m]: Request to GET /api/v1/doctor?limit=4 took 55ms
2024-06-10 13:20:50 [a9547280-8b57-42c8-a6fe-c706ad9a5640] [[32minfo[39m]: Request to GET /api/v1/blogs/?limit=3 took 32ms
2024-06-10 13:20:50 [ece71a4f-8637-4be3-8a0b-406fadf581b5] [[32minfo[39m]: Request to GET /api/v1/doctor/1b20d770-f325-4b00-86a5-8548185fa04d took 27ms
2024-06-10 13:20:50 [14791e0f-bff8-41e1-9eba-8b6dcba22fd0] [[32minfo[39m]: Request to GET /api/v1/review took 31ms
2024-06-10 13:20:50 [ab553341-9bf2-4885-b4d1-b5dda2ec98d2] [[32minfo[39m]: Request to GET /api/v1/patient/1b20d770-f325-4b00-86a5-8548185fa04d took 31ms
2024-06-10 13:20:50 [2b2649da-ddde-44b8-9c89-0edd76f903d6] [[32minfo[39m]: Request to GET /api/v1/doctor?limit=10 took 51ms
2024-06-10 13:20:50 [bb0981f0-ed9c-4151-bb48-3dc94f069178] [[32minfo[39m]: Request to GET /api/v1/doctor?limit=4 took 47ms
2024-06-10 13:23:33 [847e1fbf-887c-4c34-b476-75f0d90df690] [[32minfo[39m]: Request to GET /api/v1/doctor?limit=10 took 33ms
2024-06-10 13:23:33 [f91a82f2-65b4-408a-a253-d1112a57647d] [[32minfo[39m]: Request to GET /api/v1/review took 28ms
2024-06-10 13:23:33 [d581450b-d4f7-452c-bfe8-ad039dda18b1] [[32minfo[39m]: Request to GET /api/v1/patient/1b20d770-f325-4b00-86a5-8548185fa04d took 26ms
2024-06-10 13:23:33 [635bbb07-ecd9-45c5-b335-04d795a70cfc] [[32minfo[39m]: Request to GET /api/v1/doctor/1b20d770-f325-4b00-86a5-8548185fa04d took 32ms
2024-06-10 13:23:33 [303b6dda-fe2e-4bd5-8fea-a6f82bd60514] [[32minfo[39m]: Request to GET /api/v1/blogs/?limit=3 took 39ms
2024-06-10 13:23:33 [edad1457-aa17-423d-8cae-b9e0e41082a3] [[32minfo[39m]: Request to GET /api/v1/doctor?limit=4 took 39ms
2024-06-10 13:23:54 [522f2709-9fe8-4d7a-85a9-c3137f1bb0d4] [[32minfo[39m]: Request to GET /api/v1/doctor?limit=10 took 15ms
2024-06-10 13:23:54 [98430a3e-ebb8-459b-bda2-867843103733] [[32minfo[39m]: Request to GET /api/v1/blogs/?limit=3 took 17ms
2024-06-10 13:23:54 [3399f6c0-368f-4372-888d-0386e44e18f0] [[32minfo[39m]: Request to GET /api/v1/review took 10ms
2024-06-10 13:23:54 [1ac42a3b-d291-49a5-b1d9-6c23b76a6e1e] [[32minfo[39m]: Request to GET /api/v1/doctor?limit=4 took 20ms
2024-06-10 13:23:54 [1c241e5f-bb8c-4012-9e67-37740c99f7d6] [[32minfo[39m]: Request to GET /api/v1/doctor/1b20d770-f325-4b00-86a5-8548185fa04d took 8ms
2024-06-10 13:23:54 [e9a90095-3018-4a2d-b7b1-3d1dafb46832] [[32minfo[39m]: Request to GET /api/v1/patient/1b20d770-f325-4b00-86a5-8548185fa04d took 8ms
2024-06-12 12:58:08 [d75c8bdb-9d0d-4277-8546-237d8ba0580b] [[32minfo[39m]: Request to GET /api/v1/doctor?limit=10 took 2351.89ms
2024-06-12 12:58:08 [e77954f4-6bf7-44a2-bef3-dfe5eb006678] [[32minfo[39m]: Request to GET /api/v1/blogs/?limit=3 took 2330.07ms
2024-06-12 12:58:08 [1668b2e4-8208-4716-ab7f-ee806b218493] [[32minfo[39m]: Request to GET /api/v1/review took 2326.43ms
2024-06-12 12:58:08 [6febd8fe-850f-4b27-90ab-7bc0be3fcb6d] [[32minfo[39m]: Request to GET /api/v1/doctor?limit=4 took 2327.11ms
2024-06-12 15:29:24 [683d8c41-d35a-4140-b33e-49259bdb3300] [[32minfo[39m]: Request to GET /api/v1/review took 70.61ms
2024-06-12 15:29:24 [59d88ff0-0372-4824-acc6-ec454cf949cb] [[32minfo[39m]: Request to GET /api/v1/blogs/?limit=3 took 104.99ms
2024-06-12 15:29:24 [ad917034-376b-4561-96b4-f5c7e11f5176] [[32minfo[39m]: Request to GET /api/v1/doctor?limit=4 took 106.55ms
2024-06-12 15:29:24 [9bd7ef07-cd5f-49c3-bd48-4a4724cdea26] [[32minfo[39m]: Request to GET /api/v1/doctor?limit=10 took 138.37ms
2024-06-12 15:29:26 [7d9ee357-26a5-4405-9d43-74275a309aa3] [[32minfo[39m]: Request to GET /api/v1/doctor?limit=10 took 14.40ms
2024-06-12 15:29:26 [2e0374ae-505a-4305-89ff-2a0d5fcff98c] [[32minfo[39m]: Request to GET /api/v1/review took 8.79ms
2024-06-12 15:29:26 [0930089f-a7a6-438c-a57c-42b33a42798a] [[32minfo[39m]: Request to GET /api/v1/doctor?limit=4 took 18.40ms
2024-06-12 15:29:26 [59ddd24e-2e3c-43cc-b48e-61e262fdce50] [[32minfo[39m]: Request to GET /api/v1/blogs/?limit=3 took 27.83ms
2024-06-12 15:29:27 [70c91e6f-d907-471c-a9f1-bb25ed467df3] [[32minfo[39m]: Request to GET /api/v1/doctor?limit=10 took 15.25ms
2024-06-12 15:29:27 [dc3ab837-64c1-4551-baeb-4fe12269e972] [[32minfo[39m]: Request to GET /api/v1/doctor?limit=10 took 16.21ms
2024-06-12 15:29:27 [cefa4d90-3ca9-467f-a982-bce73f932176] [[32minfo[39m]: Request to GET /api/v1/doctor?limit=10 took 11.82ms
2024-06-12 15:29:27 [dd488ce6-d4a6-46f6-aada-4f8caa0d082f] [[32minfo[39m]: Request to GET /api/v1/review took 6.80ms
2024-06-12 15:29:27 [1c17e02c-07d9-4dc6-9fc2-764c9381e83b] [[32minfo[39m]: Request to GET /api/v1/blogs/?limit=3 took 17.69ms
2024-06-12 15:29:27 [4c3ce362-e25e-4f02-a115-a7ffae53c288] [[32minfo[39m]: Request to GET /api/v1/doctor?limit=4 took 22.25ms
2024-06-12 15:39:30 [9628546c-8f5d-4a26-967b-5464b768ec80] [[32minfo[39m]: Request to POST /api/v1/doctor took 539.20ms
2024-06-12 15:40:42 [b5b43b53-a69b-4513-b5ba-461d569ae5d4] [[32minfo[39m]: Request to POST /api/v1/doctor took 15.56ms
2024-06-12 15:40:49 [46b7831b-2a7a-409d-8488-9d516d62c9e8] [[32minfo[39m]: Request to POST /api/v1/doctor took 13.80ms
2024-06-12 15:41:18 [758e9034-6c09-4160-ad4a-65fa363fc9d6] [[32minfo[39m]: Request to POST /api/v1/doctor took 451.23ms
2024-06-12 15:42:37 [82de527d-358e-46ac-982f-448e7d2a8844] [[32minfo[39m]: Request to POST /api/v1/doctor took 449.65ms
2024-06-12 15:46:02 [9f7a526d-d556-4763-af76-ab639f85f0dc] [[32minfo[39m]: Request to POST /api/v1/doctor took 460.54ms
2024-06-12 15:47:35 [f250c354-c74d-48dd-a189-c6090a87a2b4] [[32minfo[39m]: Request to POST /api/v1/doctor took 452.56ms
2024-06-12 15:47:49 [387bbf09-35ed-4903-974c-ecd355033e41] [[32minfo[39m]: Request to GET /api/v1/doctor took 12.74ms
2024-06-12 15:48:38 [e567ccd0-e5db-469b-8c5f-d052f01eda93] [[32minfo[39m]: Request to GET /api/v1/doctor took 9.07ms
2024-06-12 15:49:47 [7a1e5fb0-f196-49bf-b809-a391d9adf89e] [[32minfo[39m]: Request to GET /api/v1/doctor took 9.18ms
2024-06-12 15:49:51 [8764dea5-94cc-4093-a711-0111540be757] [[32minfo[39m]: Request to POST /api/v1/doctor took 450.83ms
2024-06-12 15:49:53 [fd77b245-3f3d-4d57-87c3-dcb5a1fa5a63] [[32minfo[39m]: Request to GET /api/v1/doctor took 8.13ms
2024-06-12 15:50:38 [46c5e6fb-3ce3-469f-997c-6cf8ee0b5837] [[32minfo[39m]: Request to POST /api/v1/doctor took 448.34ms
2024-06-12 15:53:27 [dc101306-4e45-430b-abde-0f8eda17d800] [[32minfo[39m]: Request to POST /api/v1/doctor took 13.52ms
2024-06-12 15:53:30 [13e5bec7-3a81-4a8f-9390-62e9043cc48e] [[32minfo[39m]: Request to POST /api/v1/doctor took 9.55ms
2024-06-12 15:53:43 [d2cfcd5a-edbb-4836-87ec-07fd3892d5e8] [[32minfo[39m]: Request to POST /api/v1/doctor took 453.52ms
2024-06-12 15:55:03 [99e903f9-f234-4145-853a-42dd837de527] [[32minfo[39m]: Request to POST /api/v1/patient took 236.22ms
2024-06-12 15:55:09 [069a0721-e48e-48f6-b262-999815cbba6f] [[32minfo[39m]: Request to GET /api/v1/patient took 7.30ms
2024-06-12 15:55:27 [bfbeb385-447a-4c15-b947-415d456b71b7] [[32minfo[39m]: Request to POST /api/v1/auth/login took 227.89ms
2024-06-12 15:55:27 [cc33da74-7679-4673-99f8-1a4898979cc7] [[32minfo[39m]: Request to GET /api/v1/blogs/?limit=3 took 19.78ms
2024-06-12 15:55:27 [9aba8924-c6ff-4c4d-a5b0-a8314888dfbf] [[32minfo[39m]: Request to GET /api/v1/doctor?limit=10 took 36.12ms
2024-06-12 15:55:27 [6b256412-9bf4-43e9-bded-46dc769f536a] [[32minfo[39m]: Request to GET /api/v1/review took 36.27ms
2024-06-12 15:55:27 [b981230c-91dc-4314-a94e-fff93ef72104] [[32minfo[39m]: Request to GET /api/v1/doctor?limit=4 took 43.94ms
2024-06-12 15:55:27 [8a4b75e3-eb9b-4765-be67-faced14a14a8] [[32minfo[39m]: Request to GET /api/v1/doctor/0dd04106-6221-4dbc-a235-15d6a079aa0e took 6.56ms
2024-06-12 15:55:27 [0058b24a-d776-4079-a17d-d13e45af0047] [[32minfo[39m]: Request to GET /api/v1/patient/0dd04106-6221-4dbc-a235-15d6a079aa0e took 9.10ms
2024-06-12 15:56:52 [3644ec75-3850-4c16-8f0d-146e625e6139] [[32minfo[39m]: Request to POST /api/v1/appointment/create-un-authenticate took 24.53ms
2024-06-12 15:57:02 [2cb5505c-4c44-4af7-b879-f9ade221ea4b] [[32minfo[39m]: Request to POST /api/v1/doctor took 466.16ms
2024-06-12 15:57:05 [4e850cc4-0c0c-425d-917f-a175d5018ec6] [[32minfo[39m]: Request to GET /api/v1/doctor took 9.52ms
2024-06-12 15:57:17 [c7d99ce8-af3a-4f28-b532-ddd3dde476bc] [[32minfo[39m]: Request to POST /api/v1/appointment/create-un-authenticate took 31.69ms
2024-06-12 15:57:17 [614c82a0-ba85-43ee-87a4-d3be9e5113b4] [[32minfo[39m]: Request to GET /api/v1/appointment/21495181-636e-4751-a79e-feabdf519e73 took 13.27ms
2024-06-12 16:01:22 [3cddaa8d-7268-4d42-8222-014917e7c67d] [[32minfo[39m]: Request to POST /api/v1/appointment/create-un-authenticate took 2.56ms
2024-06-12 16:02:42 [020d9733-cfc6-4e1e-8c05-b918353577c4] [[32minfo[39m]: Request to POST /api/v1/appointment/create-un-authenticate took 1.86ms
2024-06-12 16:06:41 [7ea85c50-91ca-4d29-9faa-4a5b85e85bae] [[32minfo[39m]: Request to POST /api/v1/appointment/create-un-authenticate took 39.40ms
2024-06-12 16:06:55 [426f883d-1ffc-4b07-93f1-153fd365f4b2] [[32minfo[39m]: Request to GET /api/v1/appointment/patient/invoices took 26.18ms
2024-06-12 16:06:55 [43d8ec02-1e49-46be-abad-3e175f84f2bb] [[32minfo[39m]: Request to GET /api/v1/prescription/patient/prescription took 34.85ms
2024-06-12 16:06:55 [15df9100-fb61-48d4-88a6-2b2adda8e77f] [[32minfo[39m]: Request to GET /api/v1/appointment/patient/appointments took 45.13ms
2024-06-12 16:07:57 [11f37792-e07d-47e0-8b51-0802ebbbc02a] [[32minfo[39m]: Request to POST /api/v1/appointment/create-un-authenticate took 35.34ms
2024-06-12 16:08:51 [620ee815-a1d8-46f3-a555-a227486baa0f] [[32minfo[39m]: Request to POST /api/v1/appointment/create-un-authenticate took 23.48ms
2024-06-12 16:08:51 [daa33fe6-0dba-42a5-b977-ca86afe95b7f] [[32minfo[39m]: Request to GET /api/v1/appointment/07d5b6c8-22ae-40e5-91d5-2a97385c44a0 took 9.36ms
2024-06-12 16:10:39 [d963cb67-a77e-4b56-88b4-8b0ae266ba5c] [[32minfo[39m]: Request to POST /api/v1/appointment/create-un-authenticate took 20.51ms
2024-06-12 16:10:49 [f02f7815-f20a-45c9-b317-358e4a3f6220] [[32minfo[39m]: Request to GET /api/v1/appointment/patient/appointments took 14.38ms
2024-06-12 16:10:49 [7fc9d472-b13c-44a9-9228-6abc26c1cbc5] [[32minfo[39m]: Request to GET /api/v1/prescription/patient/prescription took 15.37ms
2024-06-12 16:10:49 [5c7b99e3-0c2f-483e-b2bf-0e2f2dd4336e] [[32minfo[39m]: Request to GET /api/v1/appointment/patient/invoices took 24.92ms
2024-06-12 16:10:57 [7cb70fb1-7109-41fa-a50e-606a950e7fba] [[32minfo[39m]: Request to GET /api/v1/doctor?limit=10 took 19.67ms
2024-06-12 16:10:57 [6a4b8e56-119f-4dd6-b0e0-412d531a6157] [[32minfo[39m]: Request to GET /api/v1/review took 15.99ms
2024-06-12 16:10:57 [c86b8059-718b-45ea-a753-54b51accd449] [[32minfo[39m]: Request to GET /api/v1/doctor?limit=4 took 29.40ms
2024-06-12 16:10:57 [758af26d-903e-4b14-8fa3-a39c232742ec] [[32minfo[39m]: Request to GET /api/v1/blogs/?limit=3 took 37.57ms
2024-06-12 16:11:21 [95145fbe-e51e-4dbf-a546-89f417f00ea2] [[32minfo[39m]: Request to GET /api/v1/appointment/create-un-authenticate took 8.46ms
2024-06-12 16:11:40 [da2cc1e5-8a37-4440-844a-ce57d6ca5cab] [[32minfo[39m]: Request to GET /api/v1/appointment took 8.17ms
2024-06-12 16:12:10 [e2566524-23ca-4505-98af-de40477cd77c] [[32minfo[39m]: Request to GET /api/v1/appointment/21495181-636e-4751-a79e-feabdf519e73 took 15.05ms
2024-06-12 16:12:21 [9091b0bb-c6b5-4a01-8442-e84fc3e71d91] [[32minfo[39m]: Request to GET /api/v1/patient took 4.15ms
2024-06-12 16:12:29 [94dc5f8c-69b3-41ae-aa78-fa1509a351c2] [[32minfo[39m]: Request to GET /api/v1/blogs/?limit=3 took 14.59ms
2024-06-12 16:12:29 [a4314bed-00de-4562-8484-919ab288663e] [[32minfo[39m]: Request to GET /api/v1/review took 14.48ms
2024-06-12 16:12:29 [be67dee0-2244-46d5-af37-39721f4c5b8c] [[32minfo[39m]: Request to GET /api/v1/doctor?limit=10 took 24.38ms
2024-06-12 16:12:29 [f9111f4a-2638-4654-a428-b86bda941111] [[32minfo[39m]: Request to GET /api/v1/doctor?limit=4 took 25.21ms
2024-06-12 16:12:41 [98f8cb8c-99a8-4c28-9eb8-aa49f29a93e9] [[32minfo[39m]: Request to POST /api/v1/auth/login took 8.25ms
2024-06-12 16:12:56 [592d54ef-4ddb-4c78-ae32-60ede179c2f7] [[32minfo[39m]: Request to POST /api/v1/auth/login took 228.59ms
2024-06-12 16:12:56 [6488149f-d971-4ae8-960a-3b80db28af23] [[32minfo[39m]: Request to GET /api/v1/doctor/bee574ca-141d-40e7-a272-3f86a84c3ee6 took 8.80ms
2024-06-12 16:12:56 [8f7bafa4-8e83-42c5-964a-fb1fe1b146eb] [[32minfo[39m]: Request to GET /api/v1/patient/bee574ca-141d-40e7-a272-3f86a84c3ee6 took 8.18ms
2024-06-12 16:13:00 [ec1a0db4-d4c5-46c1-8234-c6d8924e0bc6] [[32minfo[39m]: Request to GET /api/v1/appointment/doctor/appointments?sortBy=upcoming took 14.21ms
2024-06-12 16:13:01 [0a014fa9-7b4d-4217-9633-e482d1b0cfb8] [[32minfo[39m]: Request to GET /api/v1/appointment/doctor/appointments?sortBy=upcoming took 8.96ms
2024-06-12 16:13:01 [fc379134-1799-406d-bc41-f09b8bb0f2f7] [[32minfo[39m]: Request to GET /api/v1/appointment/doctor/appointments?sortBy=today took 14.42ms
2024-06-12 16:13:27 [e5526be6-062d-4928-9e97-332019977b66] [[32minfo[39m]: Request to GET /api/v1/appointment/doctor/appointments?sortBy=today took 13.03ms
2024-06-12 16:13:28 [6ef6a812-4dca-41c4-9668-11ab0201dd11] [[32minfo[39m]: Request to GET /api/v1/appointment/doctor/appointments?sortBy=upcoming took 8.32ms
2024-06-12 16:13:30 [680940db-651b-4948-b696-c913a668cc7e] [[32minfo[39m]: Request to GET /api/v1/appointment/doctor/appointments?sortBy=today took 12.74ms
2024-06-12 16:13:31 [1adc4362-07fb-4045-84f3-eb5aa1926edf] [[32minfo[39m]: Request to GET /api/v1/appointment/doctor/appointments?sortBy=upcoming took 7.45ms
2024-06-12 16:13:38 [66055f77-eda1-40a7-b032-930fb78e28f6] [[32minfo[39m]: Request to GET /api/v1/appointment/doctor/appointments?sortBy=today took 1.82ms
2024-06-12 16:14:12 [e6684cc2-d99d-4ed7-8af8-ff16333bb3c6] [[32minfo[39m]: Request to GET /api/v1/doctor?limit=10 took 14.04ms
2024-06-12 16:14:12 [76570f81-6a53-4a8a-a469-dfaad74fc191] [[32minfo[39m]: Request to GET /api/v1/review took 15.01ms
2024-06-12 16:14:12 [21da1212-7126-4b72-9e29-3566fed725e3] [[32minfo[39m]: Request to GET /api/v1/blogs/?limit=3 took 22.52ms
2024-06-12 16:14:12 [a9fa4f78-a219-44a2-bfe6-3559b7840450] [[32minfo[39m]: Request to GET /api/v1/doctor?limit=4 took 25.32ms
2024-06-12 16:14:19 [949e859b-642f-4ae2-82f3-c0b79b06494a] [[32minfo[39m]: Request to POST /api/v1/doctor took 450.44ms
2024-06-12 16:14:22 [32e5b608-2166-45cc-a011-ed930a2ae5db] [[32minfo[39m]: Request to GET /api/v1/doctor?limit=10 took 7.69ms
2024-06-12 16:14:22 [1f4931f2-ffae-4629-99f4-d12c66f8f527] [[32minfo[39m]: Request to GET /api/v1/review took 4.97ms
2024-06-12 16:14:22 [6a945b10-33a6-4c7b-9ca9-48ca357c620e] [[32minfo[39m]: Request to GET /api/v1/blogs/?limit=3 took 12.25ms
2024-06-12 16:14:22 [a1425845-4b15-4c17-b5e8-15f60df71f3a] [[32minfo[39m]: Request to GET /api/v1/doctor?limit=4 took 14.40ms
2024-06-12 16:14:22 [fd6b781d-82d9-4eb0-84bf-9ebd2be873a8] [[32minfo[39m]: Request to GET /api/v1/doctor/bee574ca-141d-40e7-a272-3f86a84c3ee6 took 8.40ms
2024-06-12 16:14:22 [b44a0073-e590-4f4c-8770-459ab0178012] [[32minfo[39m]: Request to GET /api/v1/patient/bee574ca-141d-40e7-a272-3f86a84c3ee6 took 8.49ms
2024-06-12 16:20:42 [2543c12d-e7b4-4657-9837-b9f707203370] [[32minfo[39m]: Request to GET /api/v1/doctor?limit=10 took 30.36ms
2024-06-12 16:20:42 [6efa8e1c-add6-4aa3-8713-2a515b67cabb] [[32minfo[39m]: Request to GET /api/v1/blogs/?limit=3 took 12.36ms
2024-06-12 16:20:42 [4ced8a64-98cf-4d65-a05d-2668af2e8f27] [[32minfo[39m]: Request to GET /api/v1/doctor/bee574ca-141d-40e7-a272-3f86a84c3ee6 took 6.13ms
2024-06-12 16:20:42 [87216235-5ff4-4105-af5a-6006f1e65212] [[32minfo[39m]: Request to GET /api/v1/review took 27.62ms
2024-06-12 16:20:42 [76a6dd0a-6a26-4819-ae16-4bc6769bd978] [[32minfo[39m]: Request to GET /api/v1/doctor?limit=4 took 33.39ms
2024-06-12 16:20:42 [36be88de-ca54-42d8-a622-c6e23a53b22e] [[32minfo[39m]: Request to GET /api/v1/patient/bee574ca-141d-40e7-a272-3f86a84c3ee6 took 22.56ms
2024-06-12 16:29:25 [35ae4207-ac8d-45c3-9901-b31d353c6848] [[32minfo[39m]: Request to GET /api/v1/doctor?limit=10 took 39.98ms
2024-06-12 16:29:25 [1b1113e0-4aa0-4078-84b8-fe7b5df6ad3d] [[32minfo[39m]: Request to GET /api/v1/blogs/?limit=3 took 48.02ms
2024-06-12 16:29:25 [3aa76993-325e-494a-8c7e-31052776e343] [[32minfo[39m]: Request to GET /api/v1/review took 44.47ms
2024-06-12 16:29:25 [fbfa5c78-71f6-41c2-81b1-74a44f1f463a] [[32minfo[39m]: Request to GET /api/v1/patient/bee574ca-141d-40e7-a272-3f86a84c3ee6 took 43.12ms
2024-06-12 16:29:25 [300c672a-91c9-4170-89fc-11d04e662b0e] [[32minfo[39m]: Request to GET /api/v1/doctor/bee574ca-141d-40e7-a272-3f86a84c3ee6 took 50.78ms
2024-06-12 16:29:25 [a1a1508a-5474-458d-b012-55e0a1a2ace3] [[32minfo[39m]: Request to GET /api/v1/doctor?limit=4 took 72.63ms
2024-06-12 16:29:27 [92fd579e-9050-4bf1-b354-cc44f571708c] [[32minfo[39m]: Request to GET /api/v1/doctor?limit=10 took 9.64ms
2024-06-12 16:29:27 [039c648a-e35f-429a-93a2-a21f78312de2] [[32minfo[39m]: Request to GET /api/v1/review took 6.60ms
2024-06-12 16:29:27 [60e16d61-5953-45c4-8a83-cf6cdbc85c18] [[32minfo[39m]: Request to GET /api/v1/blogs/?limit=3 took 14.42ms
2024-06-12 16:29:27 [ffde30a2-4ad4-47f3-8069-ca4b7bbfd4a2] [[32minfo[39m]: Request to GET /api/v1/doctor?limit=4 took 21.63ms
2024-06-12 16:29:27 [ac8289ae-180e-48a2-bf43-422029373984] [[32minfo[39m]: Request to GET /api/v1/doctor/bee574ca-141d-40e7-a272-3f86a84c3ee6 took 14.66ms
2024-06-12 16:29:27 [4ef82f65-96ff-4c41-85c4-d7f14fc85285] [[32minfo[39m]: Request to GET /api/v1/patient/bee574ca-141d-40e7-a272-3f86a84c3ee6 took 11.92ms
2024-06-12 16:31:42 [88df8925-2f93-4e46-aa91-a0b3ea27e0f9] [[32minfo[39m]: Request to GET /api/v1/doctor?limit=10 took 15.37ms
2024-06-12 16:31:42 [13d11145-256e-4421-8545-fb270dcefda9] [[32minfo[39m]: Request to GET /api/v1/doctor/bee574ca-141d-40e7-a272-3f86a84c3ee6 took 14.83ms
2024-06-12 16:31:42 [7266d60f-4357-4ad4-9f7f-2b64f9ba2f07] [[32minfo[39m]: Request to GET /api/v1/patient/bee574ca-141d-40e7-a272-3f86a84c3ee6 took 18.15ms
2024-06-12 16:31:42 [9362abae-0dc6-4d1c-8b69-d0cae6fb62e2] [[32minfo[39m]: Request to GET /api/v1/review took 6.80ms
2024-06-12 16:31:42 [10a03b50-c82c-4c75-aa4e-43785c9bee10] [[32minfo[39m]: Request to GET /api/v1/blogs/?limit=3 took 28.29ms
2024-06-12 16:31:42 [3d79c6ca-3d48-4d32-8a4f-c5920a0114f3] [[32minfo[39m]: Request to GET /api/v1/doctor?limit=4 took 32.72ms
2024-06-12 16:31:52 [d1e8af43-69b5-4dcd-aa5f-01aad0d98fc1] [[32minfo[39m]: Request to GET /api/v1/doctor?limit=10 took 8.13ms
2024-06-12 16:31:52 [39f709eb-98c1-467f-b388-9c2c21c1fd33] [[32minfo[39m]: Request to GET /api/v1/review took 7.31ms
2024-06-12 16:31:52 [9484048a-8174-41f3-9577-623709304322] [[32minfo[39m]: Request to GET /api/v1/blogs/?limit=3 took 18.33ms
2024-06-12 16:31:52 [b7e83874-9b96-4731-b0fa-ea088a7c3344] [[32minfo[39m]: Request to GET /api/v1/doctor?limit=4 took 19.06ms
2024-06-12 16:31:52 [8c0be80c-36ed-4685-8b93-548200137d1c] [[32minfo[39m]: Request to GET /api/v1/doctor/bee574ca-141d-40e7-a272-3f86a84c3ee6 took 17.95ms
2024-06-12 16:31:52 [80a40049-ac73-4511-b81f-1f292845daab] [[32minfo[39m]: Request to GET /api/v1/patient/bee574ca-141d-40e7-a272-3f86a84c3ee6 took 10.34ms
